c:\users\ftabo\source\repos\game_of\game_of\obj\debug\bullet.obj
c:\users\ftabo\source\repos\game_of\game_of\obj\debug\main.obj
c:\users\ftabo\source\repos\game_of\game_of\obj\debug\levelcontroller.obj
c:\users\ftabo\source\repos\game_of\game_of\obj\debug\life.obj
c:\users\ftabo\source\repos\game_of\game_of\obj\debug\player.obj
c:\users\ftabo\source\repos\game_of\game_of\obj\debug\enemy.obj
c:\users\ftabo\source\repos\game_of\game_of\obj\debug\ofapp.obj
c:\users\ftabo\source\repos\game_of\game_of\obj\debug\ipendpointname.obj
c:\users\ftabo\source\repos\game_of\game_of\obj\debug\oscprintreceivedelements.obj
c:\users\ftabo\source\repos\game_of\game_of\obj\debug\ofxoscreceiver.obj
c:\users\ftabo\source\repos\game_of\game_of\obj\debug\oscoutboundpacketstream.obj
c:\users\ftabo\source\repos\game_of\game_of\obj\debug\oscreceivedelements.obj
c:\users\ftabo\source\repos\game_of\game_of\obj\debug\osctypes.obj
c:\users\ftabo\source\repos\game_of\game_of\obj\debug\ofxoscbundle.obj
c:\users\ftabo\source\repos\game_of\game_of\obj\debug\ofxoscsender.obj
c:\users\ftabo\source\repos\game_of\game_of\obj\debug\networkingutils.obj
c:\users\ftabo\source\repos\game_of\game_of\obj\debug\ofxoscmessage.obj
c:\users\ftabo\source\repos\game_of\game_of\obj\debug\udpsocket.obj
c:\users\ftabo\source\repos\game_of\game_of\obj\debug\ofxoscparametersync.obj
c:\users\ftabo\source\repos\game_of\game_of\obj\debug\vc141.pdb
c:\users\ftabo\source\repos\game_of\game_of\obj\debug\livetesting.obj
c:\users\ftabo\source\repos\game_of\game_of\bin\game_of_debug.lib
c:\users\ftabo\source\repos\game_of\game_of\bin\game_of_debug.exp
c:\users\ftabo\source\repos\game_of\game_of\bin\game_of_debug.exe
c:\users\ftabo\source\repos\game_of\game_of\bin\game_of_debug.ilk
c:\users\ftabo\source\repos\game_of\game_of\bin\game_of_debug.pdb
c:\users\ftabo\source\repos\game_of\game_of\obj\debug\icon.res
c:\users\ftabo\source\repos\shoot_'em_up\game_of\obj\debug\bullet.obj
c:\users\ftabo\source\repos\shoot_'em_up\game_of\obj\debug\enemy.obj
c:\users\ftabo\source\repos\shoot_'em_up\game_of\obj\debug\ipendpointname.obj
c:\users\ftabo\source\repos\shoot_'em_up\game_of\obj\debug\levelcontroller.obj
c:\users\ftabo\source\repos\shoot_'em_up\game_of\obj\debug\life.obj
c:\users\ftabo\source\repos\shoot_'em_up\game_of\obj\debug\livetesting.obj
c:\users\ftabo\source\repos\shoot_'em_up\game_of\obj\debug\main.obj
c:\users\ftabo\source\repos\shoot_'em_up\game_of\obj\debug\networkingutils.obj
c:\users\ftabo\source\repos\shoot_'em_up\game_of\obj\debug\ofapp.obj
c:\users\ftabo\source\repos\shoot_'em_up\game_of\obj\debug\ofxoscbundle.obj
c:\users\ftabo\source\repos\shoot_'em_up\game_of\obj\debug\ofxoscmessage.obj
c:\users\ftabo\source\repos\shoot_'em_up\game_of\obj\debug\ofxoscparametersync.obj
c:\users\ftabo\source\repos\shoot_'em_up\game_of\obj\debug\ofxoscreceiver.obj
c:\users\ftabo\source\repos\shoot_'em_up\game_of\obj\debug\ofxoscsender.obj
c:\users\ftabo\source\repos\shoot_'em_up\game_of\obj\debug\oscoutboundpacketstream.obj
c:\users\ftabo\source\repos\shoot_'em_up\game_of\obj\debug\oscprintreceivedelements.obj
c:\users\ftabo\source\repos\shoot_'em_up\game_of\obj\debug\oscreceivedelements.obj
c:\users\ftabo\source\repos\shoot_'em_up\game_of\obj\debug\osctypes.obj
c:\users\ftabo\source\repos\shoot_'em_up\game_of\obj\debug\player.obj
c:\users\ftabo\source\repos\shoot_'em_up\game_of\obj\debug\udpsocket.obj
c:\users\ftabo\source\repos\shoot_'em_up\game_of\obj\debug\icon.res
c:\users\ftabo\source\repos\shoot_'em_up\game_of\obj\debug\vc141.pdb
c:\users\ftabo\source\repos\shoot_'em_up\game_of\bin\game_of_debug.exe
c:\users\ftabo\source\repos\shoot_'em_up\game_of\obj\debug\game_of.tlog\cl.command.1.tlog
c:\users\ftabo\source\repos\shoot_'em_up\game_of\obj\debug\game_of.tlog\cl.read.1.tlog
c:\users\ftabo\source\repos\shoot_'em_up\game_of\obj\debug\game_of.tlog\cl.write.1.tlog
c:\users\ftabo\source\repos\shoot_'em_up\game_of\obj\debug\game_of.tlog\game_of.write.1u.tlog
c:\users\ftabo\source\repos\shoot_'em_up\game_of\obj\debug\game_of.tlog\link.command.1.tlog
c:\users\ftabo\source\repos\shoot_'em_up\game_of\obj\debug\game_of.tlog\link.read.1.tlog
c:\users\ftabo\source\repos\shoot_'em_up\game_of\obj\debug\game_of.tlog\link.write.1.tlog
c:\users\ftabo\source\repos\shoot_'em_up\game_of\obj\debug\game_of.tlog\rc.command.1.tlog
c:\users\ftabo\source\repos\shoot_'em_up\game_of\obj\debug\game_of.tlog\rc.read.1.tlog
c:\users\ftabo\source\repos\shoot_'em_up\game_of\obj\debug\game_of.tlog\rc.write.1.tlog
